<?xml version="1.0" encoding="UTF-8"?>
<testsuite xmlns:xsi="http://www.w3.org/2001/XMLSchema-instance" xsi:noNamespaceSchemaLocation="https://maven.apache.org/surefire/maven-surefire-plugin/xsd/surefire-test-report-3.0.xsd" version="3.0" name="com.sudhir.hibernatedemo.AppTest" time="0.042" tests="1" errors="0" skipped="0" failures="0">
  <properties>
    <property name="java.specification.version" value="23"/>
    <property name="sun.cpu.isalist" value="amd64"/>
    <property name="sun.jnu.encoding" value="Cp1252"/>
    <property name="java.class.path" value="C:\Users\sudhir\eclipse-workspace\hibernatedemo\target\test-classes;C:\Users\sudhir\eclipse-workspace\hibernatedemo\target\classes;C:\Users\sudhir\.m2\repository\junit\junit\3.8.1\junit-3.8.1.jar;C:\Users\sudhir\.m2\repository\org\hibernate\hibernate-core\5.4.33.Final\hibernate-core-5.4.33.Final.jar;C:\Users\sudhir\.m2\repository\org\jboss\logging\jboss-logging\3.4.1.Final\jboss-logging-3.4.1.Final.jar;C:\Users\sudhir\.m2\repository\javax\persistence\javax.persistence-api\2.2\javax.persistence-api-2.2.jar;C:\Users\sudhir\.m2\repository\org\javassist\javassist\3.27.0-GA\javassist-3.27.0-GA.jar;C:\Users\sudhir\.m2\repository\net\bytebuddy\byte-buddy\1.11.12\byte-buddy-1.11.12.jar;C:\Users\sudhir\.m2\repository\antlr\antlr\2.7.7\antlr-2.7.7.jar;C:\Users\sudhir\.m2\repository\org\jboss\spec\javax\transaction\jboss-transaction-api_1.2_spec\1.1.1.Final\jboss-transaction-api_1.2_spec-1.1.1.Final.jar;C:\Users\sudhir\.m2\repository\org\jboss\jandex\2.2.3.Final\jandex-2.2.3.Final.jar;C:\Users\sudhir\.m2\repository\com\fasterxml\classmate\1.5.1\classmate-1.5.1.jar;C:\Users\sudhir\.m2\repository\javax\activation\javax.activation-api\1.2.0\javax.activation-api-1.2.0.jar;C:\Users\sudhir\.m2\repository\org\dom4j\dom4j\2.1.3\dom4j-2.1.3.jar;C:\Users\sudhir\.m2\repository\org\hibernate\common\hibernate-commons-annotations\5.1.2.Final\hibernate-commons-annotations-5.1.2.Final.jar;C:\Users\sudhir\.m2\repository\javax\xml\bind\jaxb-api\2.3.1\jaxb-api-2.3.1.jar;C:\Users\sudhir\.m2\repository\org\glassfish\jaxb\jaxb-runtime\2.3.1\jaxb-runtime-2.3.1.jar;C:\Users\sudhir\.m2\repository\org\glassfish\jaxb\txw2\2.3.1\txw2-2.3.1.jar;C:\Users\sudhir\.m2\repository\com\sun\istack\istack-commons-runtime\3.0.7\istack-commons-runtime-3.0.7.jar;C:\Users\sudhir\.m2\repository\org\jvnet\staxex\stax-ex\1.8\stax-ex-1.8.jar;C:\Users\sudhir\.m2\repository\com\sun\xml\fastinfoset\FastInfoset\1.2.15\FastInfoset-1.2.15.jar;C:\Users\sudhir\.m2\repository\org\hibernate\search\hibernate-search-mapper-orm\7.2.2.Final\hibernate-search-mapper-orm-7.2.2.Final.jar;C:\Users\sudhir\.m2\repository\org\hibernate\search\hibernate-search-engine\7.2.2.Final\hibernate-search-engine-7.2.2.Final.jar;C:\Users\sudhir\.m2\repository\org\hibernate\search\hibernate-search-mapper-pojo-base\7.2.2.Final\hibernate-search-mapper-pojo-base-7.2.2.Final.jar;C:\Users\sudhir\.m2\repository\org\hibernate\search\hibernate-search-util-common\7.2.2.Final\hibernate-search-util-common-7.2.2.Final.jar;C:\Users\sudhir\.m2\repository\org\hibernate\orm\hibernate-core\6.6.3.Final\hibernate-core-6.6.3.Final.jar;C:\Users\sudhir\.m2\repository\jakarta\inject\jakarta.inject-api\2.0.1\jakarta.inject-api-2.0.1.jar;C:\Users\sudhir\.m2\repository\org\antlr\antlr4-runtime\4.13.0\antlr4-runtime-4.13.0.jar;C:\Users\sudhir\.m2\repository\jakarta\persistence\jakarta.persistence-api\3.1.0\jakarta.persistence-api-3.1.0.jar;C:\Users\sudhir\.m2\repository\jakarta\transaction\jakarta.transaction-api\2.0.1\jakarta.transaction-api-2.0.1.jar;C:\Users\sudhir\.m2\repository\io\smallrye\jandex\3.2.0\jandex-3.2.0.jar;C:\Users\sudhir\.m2\repository\jakarta\xml\bind\jakarta.xml.bind-api\4.0.0\jakarta.xml.bind-api-4.0.0.jar;C:\Users\sudhir\.m2\repository\jakarta\activation\jakarta.activation-api\2.1.0\jakarta.activation-api-2.1.0.jar;C:\Users\sudhir\.m2\repository\org\hibernate\search\hibernate-search-backend-lucene\7.2.2.Final\hibernate-search-backend-lucene-7.2.2.Final.jar;C:\Users\sudhir\.m2\repository\org\apache\lucene\lucene-core\9.11.1\lucene-core-9.11.1.jar;C:\Users\sudhir\.m2\repository\org\apache\lucene\lucene-analysis-common\9.11.1\lucene-analysis-common-9.11.1.jar;C:\Users\sudhir\.m2\repository\org\apache\lucene\lucene-queryparser\9.11.1\lucene-queryparser-9.11.1.jar;C:\Users\sudhir\.m2\repository\org\apache\lucene\lucene-queries\9.11.1\lucene-queries-9.11.1.jar;C:\Users\sudhir\.m2\repository\org\apache\lucene\lucene-sandbox\9.11.1\lucene-sandbox-9.11.1.jar;C:\Users\sudhir\.m2\repository\org\apache\lucene\lucene-join\9.11.1\lucene-join-9.11.1.jar;C:\Users\sudhir\.m2\repository\org\apache\lucene\lucene-facet\9.11.1\lucene-facet-9.11.1.jar;C:\Users\sudhir\.m2\repository\com\carrotsearch\hppc\0.10.0\hppc-0.10.0.jar;C:\Users\sudhir\.m2\repository\org\apache\lucene\lucene-highlighter\9.11.1\lucene-highlighter-9.11.1.jar;C:\Users\sudhir\.m2\repository\org\apache\lucene\lucene-memory\9.11.1\lucene-memory-9.11.1.jar;C:\Users\sudhir\.m2\repository\com\mysql\mysql-connector-j\8.0.33\mysql-connector-j-8.0.33.jar;C:\Users\sudhir\.m2\repository\com\google\protobuf\protobuf-java\3.21.9\protobuf-java-3.21.9.jar;C:\Users\sudhir\.m2\repository\org\slf4j\slf4j-api\2.0.9\slf4j-api-2.0.9.jar;C:\Users\sudhir\.m2\repository\org\slf4j\slf4j-simple\2.0.9\slf4j-simple-2.0.9.jar;"/>
    <property name="java.vm.vendor" value="Eclipse Adoptium"/>
    <property name="sun.arch.data.model" value="64"/>
    <property name="user.variant" value=""/>
    <property name="java.vendor.url" value="https://adoptium.net/"/>
    <property name="user.timezone" value="Asia/Calcutta"/>
    <property name="os.name" value="Windows 10"/>
    <property name="java.vm.specification.version" value="23"/>
    <property name="sun.java.launcher" value="SUN_STANDARD"/>
    <property name="user.country" value="IN"/>
    <property name="sun.boot.library.path" value="C:\Users\sudhir\.p2\pool\plugins\org.eclipse.justj.openjdk.hotspot.jre.full.win32.x86_64_23.0.0.v20240919-1706\jre\bin"/>
    <property name="sun.java.command" value="C:\Windows\Temp\surefire15677481595473079860\surefirebooter-20241216144537554_3.jar C:\Windows\Temp\surefire15677481595473079860 2024-12-16T14-45-37_417-jvmRun1 surefire-20241216144537554_1tmp surefire_0-20241216144537554_2tmp"/>
    <property name="jdk.debug" value="release"/>
    <property name="surefire.test.class.path" value="C:\Users\sudhir\eclipse-workspace\hibernatedemo\target\test-classes;C:\Users\sudhir\eclipse-workspace\hibernatedemo\target\classes;C:\Users\sudhir\.m2\repository\junit\junit\3.8.1\junit-3.8.1.jar;C:\Users\sudhir\.m2\repository\org\hibernate\hibernate-core\5.4.33.Final\hibernate-core-5.4.33.Final.jar;C:\Users\sudhir\.m2\repository\org\jboss\logging\jboss-logging\3.4.1.Final\jboss-logging-3.4.1.Final.jar;C:\Users\sudhir\.m2\repository\javax\persistence\javax.persistence-api\2.2\javax.persistence-api-2.2.jar;C:\Users\sudhir\.m2\repository\org\javassist\javassist\3.27.0-GA\javassist-3.27.0-GA.jar;C:\Users\sudhir\.m2\repository\net\bytebuddy\byte-buddy\1.11.12\byte-buddy-1.11.12.jar;C:\Users\sudhir\.m2\repository\antlr\antlr\2.7.7\antlr-2.7.7.jar;C:\Users\sudhir\.m2\repository\org\jboss\spec\javax\transaction\jboss-transaction-api_1.2_spec\1.1.1.Final\jboss-transaction-api_1.2_spec-1.1.1.Final.jar;C:\Users\sudhir\.m2\repository\org\jboss\jandex\2.2.3.Final\jandex-2.2.3.Final.jar;C:\Users\sudhir\.m2\repository\com\fasterxml\classmate\1.5.1\classmate-1.5.1.jar;C:\Users\sudhir\.m2\repository\javax\activation\javax.activation-api\1.2.0\javax.activation-api-1.2.0.jar;C:\Users\sudhir\.m2\repository\org\dom4j\dom4j\2.1.3\dom4j-2.1.3.jar;C:\Users\sudhir\.m2\repository\org\hibernate\common\hibernate-commons-annotations\5.1.2.Final\hibernate-commons-annotations-5.1.2.Final.jar;C:\Users\sudhir\.m2\repository\javax\xml\bind\jaxb-api\2.3.1\jaxb-api-2.3.1.jar;C:\Users\sudhir\.m2\repository\org\glassfish\jaxb\jaxb-runtime\2.3.1\jaxb-runtime-2.3.1.jar;C:\Users\sudhir\.m2\repository\org\glassfish\jaxb\txw2\2.3.1\txw2-2.3.1.jar;C:\Users\sudhir\.m2\repository\com\sun\istack\istack-commons-runtime\3.0.7\istack-commons-runtime-3.0.7.jar;C:\Users\sudhir\.m2\repository\org\jvnet\staxex\stax-ex\1.8\stax-ex-1.8.jar;C:\Users\sudhir\.m2\repository\com\sun\xml\fastinfoset\FastInfoset\1.2.15\FastInfoset-1.2.15.jar;C:\Users\sudhir\.m2\repository\org\hibernate\search\hibernate-search-mapper-orm\7.2.2.Final\hibernate-search-mapper-orm-7.2.2.Final.jar;C:\Users\sudhir\.m2\repository\org\hibernate\search\hibernate-search-engine\7.2.2.Final\hibernate-search-engine-7.2.2.Final.jar;C:\Users\sudhir\.m2\repository\org\hibernate\search\hibernate-search-mapper-pojo-base\7.2.2.Final\hibernate-search-mapper-pojo-base-7.2.2.Final.jar;C:\Users\sudhir\.m2\repository\org\hibernate\search\hibernate-search-util-common\7.2.2.Final\hibernate-search-util-common-7.2.2.Final.jar;C:\Users\sudhir\.m2\repository\org\hibernate\orm\hibernate-core\6.6.3.Final\hibernate-core-6.6.3.Final.jar;C:\Users\sudhir\.m2\repository\jakarta\inject\jakarta.inject-api\2.0.1\jakarta.inject-api-2.0.1.jar;C:\Users\sudhir\.m2\repository\org\antlr\antlr4-runtime\4.13.0\antlr4-runtime-4.13.0.jar;C:\Users\sudhir\.m2\repository\jakarta\persistence\jakarta.persistence-api\3.1.0\jakarta.persistence-api-3.1.0.jar;C:\Users\sudhir\.m2\repository\jakarta\transaction\jakarta.transaction-api\2.0.1\jakarta.transaction-api-2.0.1.jar;C:\Users\sudhir\.m2\repository\io\smallrye\jandex\3.2.0\jandex-3.2.0.jar;C:\Users\sudhir\.m2\repository\jakarta\xml\bind\jakarta.xml.bind-api\4.0.0\jakarta.xml.bind-api-4.0.0.jar;C:\Users\sudhir\.m2\repository\jakarta\activation\jakarta.activation-api\2.1.0\jakarta.activation-api-2.1.0.jar;C:\Users\sudhir\.m2\repository\org\hibernate\search\hibernate-search-backend-lucene\7.2.2.Final\hibernate-search-backend-lucene-7.2.2.Final.jar;C:\Users\sudhir\.m2\repository\org\apache\lucene\lucene-core\9.11.1\lucene-core-9.11.1.jar;C:\Users\sudhir\.m2\repository\org\apache\lucene\lucene-analysis-common\9.11.1\lucene-analysis-common-9.11.1.jar;C:\Users\sudhir\.m2\repository\org\apache\lucene\lucene-queryparser\9.11.1\lucene-queryparser-9.11.1.jar;C:\Users\sudhir\.m2\repository\org\apache\lucene\lucene-queries\9.11.1\lucene-queries-9.11.1.jar;C:\Users\sudhir\.m2\repository\org\apache\lucene\lucene-sandbox\9.11.1\lucene-sandbox-9.11.1.jar;C:\Users\sudhir\.m2\repository\org\apache\lucene\lucene-join\9.11.1\lucene-join-9.11.1.jar;C:\Users\sudhir\.m2\repository\org\apache\lucene\lucene-facet\9.11.1\lucene-facet-9.11.1.jar;C:\Users\sudhir\.m2\repository\com\carrotsearch\hppc\0.10.0\hppc-0.10.0.jar;C:\Users\sudhir\.m2\repository\org\apache\lucene\lucene-highlighter\9.11.1\lucene-highlighter-9.11.1.jar;C:\Users\sudhir\.m2\repository\org\apache\lucene\lucene-memory\9.11.1\lucene-memory-9.11.1.jar;C:\Users\sudhir\.m2\repository\com\mysql\mysql-connector-j\8.0.33\mysql-connector-j-8.0.33.jar;C:\Users\sudhir\.m2\repository\com\google\protobuf\protobuf-java\3.21.9\protobuf-java-3.21.9.jar;C:\Users\sudhir\.m2\repository\org\slf4j\slf4j-api\2.0.9\slf4j-api-2.0.9.jar;C:\Users\sudhir\.m2\repository\org\slf4j\slf4j-simple\2.0.9\slf4j-simple-2.0.9.jar;"/>
    <property name="sun.cpu.endian" value="little"/>
    <property name="user.home" value="C:\Users\sudhir"/>
    <property name="user.language" value="en"/>
    <property name="java.specification.vendor" value="Oracle Corporation"/>
    <property name="java.version.date" value="2024-09-17"/>
    <property name="java.home" value="C:\Users\sudhir\.p2\pool\plugins\org.eclipse.justj.openjdk.hotspot.jre.full.win32.x86_64_23.0.0.v20240919-1706\jre"/>
    <property name="file.separator" value="\"/>
    <property name="basedir" value="C:\Users\sudhir\eclipse-workspace\hibernatedemo"/>
    <property name="style.color" value="always"/>
    <property name="java.vm.compressedOopsMode" value="Zero based"/>
    <property name="line.separator" value="&#10;"/>
    <property name="java.vm.specification.vendor" value="Oracle Corporation"/>
    <property name="java.specification.name" value="Java Platform API Specification"/>
    <property name="surefire.real.class.path" value="C:\Windows\Temp\surefire15677481595473079860\surefirebooter-20241216144537554_3.jar"/>
    <property name="user.script" value=""/>
    <property name="sun.management.compiler" value="HotSpot 64-Bit Tiered Compilers"/>
    <property name="java.runtime.version" value="23+37"/>
    <property name="user.name" value="sudhir"/>
    <property name="stdout.encoding" value="Cp1252"/>
    <property name="path.separator" value=";"/>
    <property name="os.version" value="10.0"/>
    <property name="java.runtime.name" value="OpenJDK Runtime Environment"/>
    <property name="file.encoding" value="UTF-8"/>
    <property name="java.vm.name" value="OpenJDK 64-Bit Server VM"/>
    <property name="java.vendor.version" value="Temurin-23+37"/>
    <property name="localRepository" value="C:\Users\sudhir\.m2\repository"/>
    <property name="java.vendor.url.bug" value="https://github.com/adoptium/adoptium-support/issues"/>
    <property name="java.io.tmpdir" value="C:\Windows\TEMP\"/>
    <property name="java.version" value="23"/>
    <property name="user.dir" value="C:\Users\sudhir\eclipse-workspace\hibernatedemo"/>
    <property name="os.arch" value="amd64"/>
    <property name="java.vm.specification.name" value="Java Virtual Machine Specification"/>
    <property name="sun.os.patch.level" value=""/>
    <property name="native.encoding" value="Cp1252"/>
    <property name="java.library.path" value="C:\Users\sudhir\.p2\pool\plugins\org.eclipse.justj.openjdk.hotspot.jre.full.win32.x86_64_23.0.0.v20240919-1706\jre\bin;C:\Windows\Sun\Java\bin;C:\Windows\system32;C:\Windows;C:/Users/sudhir/.p2/pool/plugins/org.eclipse.justj.openjdk.hotspot.jre.full.win32.x86_64_23.0.0.v20240919-1706/jre/bin/server;C:/Users/sudhir/.p2/pool/plugins/org.eclipse.justj.openjdk.hotspot.jre.full.win32.x86_64_23.0.0.v20240919-1706/jre/bin;C:\Program Files\Java\jdk1.6\bin;C:\Python312\Scripts\;C:\Python312\;C:\Python311\Scripts\;C:\Python311\;C:\Windows\system32;C:\Windows;C:\Windows\System32\Wbem;C:\Windows\System32\WindowsPowerShell\v1.0\;C:\Windows\System32\OpenSSH\;C:\Program Files\Azure Data Studio\bin;C:\ProgramData\chocolatey\bin;C:\Program Files\Git\cmd;C:\Program Files\apache-maven-3.9.9\bin;C:\Program Files (x86)\Microsoft SQL Server\160\Tools\Binn\;C:\Program Files\Microsoft SQL Server\160\Tools\Binn\;C:\Program Files\Microsoft SQL Server\Client SDK\ODBC\170\Tools\Binn\;C:\Program Files\Microsoft SQL Server\160\DTS\Binn\;C:\Program Files (x86)\Microsoft SQL Server\160\DTS\Binn\;C:\Program Files\TortoiseSVN\bin;C:\Program Files (x86)\Common Files\Oracle\Java\java8path;C:\Program Files (x86)\Common Files\Oracle\Java\javapath;C:\jdk1.6\bin;C:\Program Files\MySQL\MySQL Shell 8.0\bin\;C:\Users\sudhir\AppData\Local\Microsoft\WindowsApps;%NVM_HOME%;%NVM_SYMLINK%;C:\Users\sudhir\AppData\Local\Programs\Microsoft VS Code\bin;C:\Program Files\JetBrains\IntelliJ IDEA 2024.1.1\bin;;C:\Users\sudhir\AppData\Roaming\npm;;C:\Windows\system32;;."/>
    <property name="java.vm.info" value="mixed mode, sharing"/>
    <property name="stderr.encoding" value="Cp1252"/>
    <property name="java.vendor" value="Eclipse Adoptium"/>
    <property name="java.vm.version" value="23+37"/>
    <property name="sun.io.unicode.encoding" value="UnicodeLittle"/>
    <property name="java.class.version" value="67.0"/>
  </properties>
  <testcase name="testApp" classname="com.sudhir.hibernatedemo.AppTest" time="0.003"/>
</testsuite>